\BOOKMARK [1][-]{section.1}{\376\377\000I\000n\000t\000r\000o\000d\000u\000z\000i\000o\000n\000e}{}% 1
\BOOKMARK [2][-]{subsection.1.1}{\376\377\000O\000b\000i\000e\000t\000t\000i\000v\000i\000\040\000d\000e\000l\000\040\000P\000r\000o\000g\000e\000t\000t\000o}{section.1}% 2
\BOOKMARK [1][-]{section.2}{\376\377\000T\000o\000o\000l\000\040\000u\000t\000i\000l\000i\000z\000z\000a\000t\000i}{}% 3
\BOOKMARK [2][-]{subsection.2.1}{\376\377\000M\000a\000v\000e\000n}{section.2}% 4
\BOOKMARK [2][-]{subsection.2.2}{\376\377\000J\000a\000v\000a\000F\000X}{section.2}% 5
\BOOKMARK [2][-]{subsection.2.3}{\376\377\000P\000o\000s\000t\000g\000r\000e\000S\000Q\000L}{section.2}% 6
\BOOKMARK [1][-]{section.3}{\376\377\000A\000r\000c\000h\000i\000t\000e\000t\000t\000u\000r\000a\000\040\000d\000e\000l\000\040\000P\000r\000o\000g\000e\000t\000t\000o}{}% 7
\BOOKMARK [2][-]{subsection.3.1}{\376\377\000S\000t\000r\000u\000t\000t\000u\000r\000a\000\040\000d\000e\000l\000l\000e\000\040\000D\000i\000r\000e\000c\000t\000o\000r\000y}{section.3}% 8
\BOOKMARK [1][-]{section.4}{\376\377\000G\000e\000s\000t\000i\000o\000n\000e\000\040\000d\000e\000l\000l\000a\000\040\000G\000U\000I}{}% 9
\BOOKMARK [2][-]{subsection.4.1}{\376\377\000S\000t\000r\000u\000t\000t\000u\000r\000a\000\040\000d\000e\000l\000l\000a\000\040\000G\000U\000I}{section.4}% 10
\BOOKMARK [2][-]{subsection.4.2}{\376\377\000P\000e\000r\000s\000o\000n\000a\000l\000i\000z\000z\000a\000z\000i\000o\000n\000e\000\040\000g\000r\000a\000f\000i\000c\000a\000\040\000c\000o\000n\000\040\000C\000S\000S}{section.4}% 11
\BOOKMARK [2][-]{subsection.4.3}{\376\377\000A\000c\000c\000e\000s\000s\000o\000\040\000e\000\040\000R\000e\000g\000i\000s\000t\000r\000a\000z\000i\000o\000n\000e}{section.4}% 12
\BOOKMARK [3][-]{subsubsection.4.3.1}{\376\377\000L\000o\000g\000i\000n}{subsection.4.3}% 13
\BOOKMARK [3][-]{subsubsection.4.3.2}{\376\377\000R\000e\000g\000i\000s\000t\000r\000a\000z\000i\000o\000n\000e}{subsection.4.3}% 14
\BOOKMARK [2][-]{subsection.4.4}{\376\377\000R\000u\000o\000l\000i\000\040\000e\000\040\000f\000u\000n\000z\000i\000o\000n\000a\000l\000i\000t\000\340\000:\000\040\000U\000t\000e\000n\000t\000e\000\040\000e\000\040\000C\000h\000e\000f}{section.4}% 15
\BOOKMARK [2][-]{subsection.4.5}{\376\377\000I\000n\000t\000e\000r\000a\000z\000i\000o\000n\000e\000\040\000c\000o\000n\000\040\000l\000'\000U\000t\000e\000n\000t\000e}{section.4}% 16
\BOOKMARK [3][-]{subsubsection.4.5.1}{\376\377\000H\000o\000m\000e\000p\000a\000g\000e\000\040\000U\000t\000e\000n\000t\000e}{subsection.4.5}% 17
\BOOKMARK [3][-]{subsubsection.4.5.2}{\376\377\000I\000s\000c\000r\000i\000z\000i\000o\000n\000e\000\040\000a\000i\000\040\000C\000o\000r\000s\000i}{subsection.4.5}% 18
\BOOKMARK [3][-]{subsubsection.4.5.3}{\376\377\000V\000i\000s\000u\000a\000l\000i\000z\000z\000a\000z\000i\000o\000n\000e\000\040\000C\000a\000l\000e\000n\000d\000a\000r\000i\000o\000\040\000d\000e\000l\000l\000e\000\040\000S\000e\000s\000s\000i\000o\000n\000i}{subsection.4.5}% 19
\BOOKMARK [3][-]{subsubsection.4.5.4}{\376\377\000A\000c\000q\000u\000i\000s\000t\000o\000\040\000e\000\040\000P\000a\000g\000a\000m\000e\000n\000t\000o\000\040\000d\000e\000i\000\040\000C\000o\000r\000s\000i}{subsection.4.5}% 20
\BOOKMARK [3][-]{subsubsection.4.5.5}{\376\377\000G\000e\000s\000t\000i\000o\000n\000e\000\040\000A\000c\000c\000o\000u\000n\000t\000\040\000U\000t\000e\000n\000t\000e}{subsection.4.5}% 21
\BOOKMARK [3][-]{subsubsection.4.5.6}{\376\377\000G\000e\000s\000t\000i\000o\000n\000e\000\040\000C\000a\000r\000t\000e\000\040\000U\000t\000e\000n\000t\000e}{subsection.4.5}% 22
\BOOKMARK [2][-]{subsection.4.6}{\376\377\000I\000n\000t\000e\000r\000a\000z\000i\000o\000n\000e\000\040\000c\000o\000n\000\040\000l\000o\000\040\000C\000h\000e\000f}{section.4}% 23
\BOOKMARK [3][-]{subsubsection.4.6.1}{\376\377\000H\000o\000m\000e\000p\000a\000g\000e\000\040\000d\000e\000l\000l\000o\000\040\000C\000h\000e\000f}{subsection.4.6}% 24
\BOOKMARK [3][-]{subsubsection.4.6.2}{\376\377\000C\000r\000e\000a\000z\000i\000o\000n\000e\000\040\000C\000o\000r\000s\000o}{subsection.4.6}% 25
\BOOKMARK [3][-]{subsubsection.4.6.3}{\376\377\000M\000o\000d\000i\000f\000i\000c\000a\000\040\000d\000e\000i\000\040\000C\000o\000r\000s\000i}{subsection.4.6}% 26
\BOOKMARK [3][-]{subsubsection.4.6.4}{\376\377\000R\000e\000p\000o\000r\000t\000\040\000M\000e\000n\000s\000i\000l\000e}{subsection.4.6}% 27
\BOOKMARK [3][-]{subsubsection.4.6.5}{\376\377\000G\000e\000s\000t\000i\000o\000n\000e\000\040\000A\000c\000c\000o\000u\000n\000t\000\040\000C\000h\000e\000f}{subsection.4.6}% 28
\BOOKMARK [1][-]{section.5}{\376\377\000U\000t\000i\000l\000s}{}% 29
\BOOKMARK [2][-]{subsection.5.1}{\376\377\000P\000r\000i\000n\000c\000i\000p\000a\000l\000i\000\040\000u\000t\000i\000l\000i\000t\000y\000\040\000u\000t\000i\000l\000i\000z\000z\000a\000t\000i}{section.5}% 30
\BOOKMARK [2][-]{subsection.5.2}{\376\377\000V\000a\000n\000t\000a\000g\000g\000i\000\040\000d\000e\000l\000l\000'\000u\000t\000i\000l\000i\000z\000z\000o\000\040\000d\000i\000\040\000u\000t\000i\000l\000i\000t\000y}{section.5}% 31
\BOOKMARK [2][-]{subsection.5.3}{\376\377\000S\000c\000e\000n\000e\000S\000w\000i\000t\000c\000h\000e\000r}{section.5}% 32
\BOOKMARK [2][-]{subsection.5.4}{\376\377\000S\000u\000c\000c\000e\000s\000s\000D\000i\000a\000l\000o\000g\000U\000t\000i\000l\000s}{section.5}% 33
\BOOKMARK [2][-]{subsection.5.5}{\376\377\000C\000a\000r\000d\000V\000a\000l\000i\000d\000a\000t\000o\000r}{section.5}% 34
\BOOKMARK [2][-]{subsection.5.6}{\376\377\000I\000m\000a\000g\000e\000C\000l\000i\000p\000U\000t\000i\000l\000s}{section.5}% 35
\BOOKMARK [2][-]{subsection.5.7}{\376\377\000F\000r\000e\000q\000u\000e\000n\000z\000a\000S\000e\000s\000s\000i\000o\000n\000i\000P\000r\000o\000v\000i\000d\000e\000r}{section.5}% 36
\BOOKMARK [2][-]{subsection.5.8}{\376\377\000U\000n\000i\000f\000i\000e\000d\000R\000e\000c\000i\000p\000e\000I\000n\000g\000r\000e\000d\000i\000e\000n\000t\000U\000I}{section.5}% 37
\BOOKMARK [2][-]{subsection.5.9}{\376\377\000E\000r\000r\000o\000r\000C\000a\000r\000i\000m\000e\000n\000t\000o\000P\000r\000o\000p\000i\000c}{section.5}% 38
\BOOKMARK [1][-]{section.6}{\376\377\000D\000T\000O\000\040\000e\000\040\000D\000A\000O}{}% 39
\BOOKMARK [2][-]{subsection.6.1}{\376\377\000E\000l\000e\000n\000c\000o\000\040\000d\000e\000i\000\040\000D\000T\000O\000\040\000e\000\040\000D\000A\000O\000\040\000i\000m\000p\000l\000e\000m\000e\000n\000t\000a\000t\000i}{section.6}% 40
\BOOKMARK [2][-]{subsection.6.2}{\376\377\000D\000T\000O}{section.6}% 41
\BOOKMARK [3][-]{subsubsection.6.2.1}{\376\377\000U\000t\000e\000n\000t\000e}{subsection.6.2}% 42
\BOOKMARK [3][-]{subsubsection.6.2.2}{\376\377\000U\000t\000e\000n\000t\000e\000V\000i\000s\000i\000t\000a\000t\000o\000r\000e}{subsection.6.2}% 43
\BOOKMARK [3][-]{subsubsection.6.2.3}{\376\377\000C\000h\000e\000f}{subsection.6.2}% 44
\BOOKMARK [3][-]{subsubsection.6.2.4}{\376\377\000C\000o\000r\000s\000o}{subsection.6.2}% 45
\BOOKMARK [3][-]{subsubsection.6.2.5}{\376\377\000S\000e\000s\000s\000i\000o\000n\000e}{subsection.6.2}% 46
\BOOKMARK [3][-]{subsubsection.6.2.6}{\376\377\000S\000e\000s\000s\000i\000o\000n\000e\000O\000n\000l\000i\000n\000e}{subsection.6.2}% 47
\BOOKMARK [3][-]{subsubsection.6.2.7}{\376\377\000S\000e\000s\000s\000i\000o\000n\000i\000I\000n\000P\000r\000e\000s\000e\000n\000z\000a}{subsection.6.2}% 48
\BOOKMARK [3][-]{subsubsection.6.2.8}{\376\377\000R\000i\000c\000e\000t\000t\000a}{subsection.6.2}% 49
\BOOKMARK [3][-]{subsubsection.6.2.9}{\376\377\000I\000n\000g\000r\000e\000d\000i\000e\000n\000t\000i}{subsection.6.2}% 50
\BOOKMARK [3][-]{subsubsection.6.2.10}{\376\377\000G\000r\000a\000f\000i\000c\000o\000C\000h\000e\000f}{subsection.6.2}% 51
\BOOKMARK [3][-]{subsubsection.6.2.11}{\376\377\000C\000a\000r\000t\000a\000D\000i\000C\000r\000e\000d\000i\000t\000o}{subsection.6.2}% 52
\BOOKMARK [2][-]{subsection.6.3}{\376\377\000D\000A\000O}{section.6}% 53
\BOOKMARK [3][-]{subsubsection.6.3.1}{\376\377\000U\000t\000e\000n\000t\000e\000D\000a\000o}{subsection.6.3}% 54
\BOOKMARK [3][-]{subsubsection.6.3.2}{\376\377\000U\000t\000e\000n\000t\000e\000V\000i\000s\000i\000t\000a\000t\000o\000r\000e\000D\000a\000o}{subsection.6.3}% 55
\BOOKMARK [3][-]{subsubsection.6.3.3}{\376\377\000C\000h\000e\000f\000D\000a\000o}{subsection.6.3}% 56
\BOOKMARK [3][-]{subsubsection.6.3.4}{\376\377\000C\000o\000r\000s\000o\000D\000a\000o}{subsection.6.3}% 57
\BOOKMARK [3][-]{subsubsection.6.3.5}{\376\377\000S\000e\000s\000s\000i\000o\000n\000i\000D\000a\000o}{subsection.6.3}% 58
\BOOKMARK [3][-]{subsubsection.6.3.6}{\376\377\000S\000e\000s\000s\000i\000o\000n\000e\000O\000n\000l\000i\000n\000e\000D\000a\000o}{subsection.6.3}% 59
\BOOKMARK [3][-]{subsubsection.6.3.7}{\376\377\000S\000e\000s\000s\000i\000o\000n\000e\000I\000n\000P\000r\000e\000s\000e\000n\000z\000a\000D\000a\000o}{subsection.6.3}% 60
\BOOKMARK [3][-]{subsubsection.6.3.8}{\376\377\000R\000i\000c\000e\000t\000t\000a\000D\000a\000o}{subsection.6.3}% 61
\BOOKMARK [3][-]{subsubsection.6.3.9}{\376\377\000I\000n\000g\000r\000e\000d\000i\000e\000n\000t\000i\000D\000a\000o}{subsection.6.3}% 62
\BOOKMARK [3][-]{subsubsection.6.3.10}{\376\377\000G\000r\000a\000f\000i\000c\000o\000C\000h\000e\000f\000D\000a\000o}{subsection.6.3}% 63
\BOOKMARK [3][-]{subsubsection.6.3.11}{\376\377\000C\000a\000r\000t\000a\000D\000i\000C\000r\000e\000d\000i\000t\000o\000D\000a\000o}{subsection.6.3}% 64
\BOOKMARK [3][-]{subsubsection.6.3.12}{\376\377\000B\000a\000r\000r\000a\000D\000i\000R\000i\000c\000e\000r\000c\000a\000D\000a\000o}{subsection.6.3}% 65
\BOOKMARK [2][-]{subsection.6.4}{\376\377\000J\000D\000B\000C}{section.6}% 66
\BOOKMARK [3][-]{subsubsection.6.4.1}{\376\377\000C\000o\000n\000n\000e\000s\000s\000i\000o\000n\000e\000\040\000a\000l\000\040\000d\000a\000t\000a\000b\000a\000s\000e}{subsection.6.4}% 67
\BOOKMARK [3][-]{subsubsection.6.4.2}{\376\377\000G\000e\000s\000t\000i\000o\000n\000e\000\040\000d\000e\000l\000l\000e\000\040\000r\000i\000s\000o\000r\000s\000e}{subsection.6.4}% 68
\BOOKMARK [3][-]{subsubsection.6.4.3}{\376\377\000D\000i\000p\000e\000n\000d\000e\000n\000z\000e\000\040\000e\000\040\000c\000o\000n\000f\000i\000g\000u\000r\000a\000z\000i\000o\000n\000e\000\040\000M\000a\000v\000e\000n}{subsection.6.4}% 69
\BOOKMARK [3][-]{subsubsection.6.4.4}{\376\377\000D\000e\000s\000c\000r\000i\000z\000i\000o\000n\000e\000\040\000d\000e\000i\000\040\000f\000i\000l\000e\000\040\000p\000r\000i\000n\000c\000i\000p\000a\000l\000i}{subsection.6.4}% 70
\BOOKMARK [3][-]{subsubsection.6.4.5}{\376\377\000B\000e\000s\000t\000\040\000p\000r\000a\000c\000t\000i\000c\000e\000\040\000e\000\040\000v\000a\000n\000t\000a\000g\000g\000i}{subsection.6.4}% 71
